0 verbose cli C:\Apps\nodejs\node.exe C:\Apps\nodejs\node_modules\npm\bin\npm-cli.js
1 info using npm@10.2.3
2 info using node@v18.19.0
3 timing npm:load:whichnode Completed in 3ms
4 timing config:load:defaults Completed in 3ms
5 timing config:load:file:C:\Users\wakuw\AppData\Local\nvm\v18.19.0\node_modules\npm\npmrc Completed in 3ms
6 timing config:load:builtin Completed in 4ms
7 timing config:load:cli Completed in 3ms
8 timing config:load:env Completed in 1ms
9 warn config shrinkwrap Use the --package-lock setting instead.
10 timing config:load:file:C:\Users\wakuw\OneDrive\画像\デスクトップ\hakumine-university-village-app\.npmrc Completed in 16ms
11 timing config:load:project Completed in 21ms
12 timing config:load:file:C:\Users\wakuw\.npmrc Completed in 1ms
13 timing config:load:user Completed in 1ms
14 timing config:load:file:C:\Apps\nodejs\etc\npmrc Completed in 0ms
15 timing config:load:global Completed in 0ms
16 timing config:load:setEnvs Completed in 2ms
17 timing config:load Completed in 36ms
18 timing npm:load:configload Completed in 36ms
19 timing config:load:flatten Completed in 4ms
20 timing npm:load:mkdirpcache Completed in 2ms
21 timing npm:load:mkdirplogs Completed in 1ms
22 verbose title npm audit fix
23 verbose argv "audit" "fix"
24 timing npm:load:setTitle Completed in 3ms
25 timing npm:load:display Completed in 3ms
26 verbose logfile logs-max:10 dir:C:\Users\wakuw\OneDrive\画像\デスクトップ\hakumine-university-village-app\.npm\_logs\2025-07-25T05_00_23_013Z-
27 verbose logfile C:\Users\wakuw\OneDrive\画像\デスクトップ\hakumine-university-village-app\.npm\_logs\2025-07-25T05_00_23_013Z-debug-0.log
28 timing npm:load:logFile Completed in 20ms
29 timing npm:load:timers Completed in 0ms
30 timing npm:load:configScope Completed in 0ms
31 timing npm:load Completed in 127ms
32 timing command:audit Completed in 2ms
33 verbose stack Error: 
33 verbose stack fix can not be used without a package-lock
33 verbose stack
33 verbose stack Run a security audit
33 verbose stack
33 verbose stack Usage:
33 verbose stack npm audit [fix|signatures]
33 verbose stack
33 verbose stack Options:
33 verbose stack [--audit-level <info|low|moderate|high|critical|none>] [--dry-run] [-f|--force]
33 verbose stack [--json] [--package-lock-only] [--no-package-lock]
33 verbose stack [--omit <dev|optional|peer> [--omit <dev|optional|peer> ...]]
33 verbose stack [--include <prod|dev|optional|peer> [--include <prod|dev|optional|peer> ...]]
33 verbose stack [--foreground-scripts] [--ignore-scripts]
33 verbose stack [-w|--workspace <workspace-name> [-w|--workspace <workspace-name> ...]]
33 verbose stack [-ws|--workspaces] [--include-workspace-root] [--install-links]
33 verbose stack
33 verbose stack Run "npm help audit" for more info
33 verbose stack     at Audit.usageError (C:\Users\wakuw\AppData\Local\nvm\v18.19.0\node_modules\npm\lib\base-command.js:113:26)
33 verbose stack     at Audit.auditAdvisories (C:\Users\wakuw\AppData\Local\nvm\v18.19.0\node_modules\npm\lib\commands\audit.js:446:18)
33 verbose stack     at Audit.exec (C:\Users\wakuw\AppData\Local\nvm\v18.19.0\node_modules\npm\lib\commands\audit.js:439:18)
33 verbose stack     at Audit.cmdExec (C:\Users\wakuw\AppData\Local\nvm\v18.19.0\node_modules\npm\lib\base-command.js:142:17)
33 verbose stack     at Npm.exec (C:\Users\wakuw\AppData\Local\nvm\v18.19.0\node_modules\npm\lib\npm.js:136:20)
33 verbose stack     at module.exports (C:\Users\wakuw\AppData\Local\nvm\v18.19.0\node_modules\npm\lib\cli-entry.js:61:15)
34 verbose cwd C:\Users\wakuw\OneDrive\画像\デスクトップ\hakumine-university-village-app
35 verbose Windows_NT 10.0.26100
36 verbose node v18.19.0
37 verbose npm  v10.2.3
38 error code EUSAGE
39 error
39 error fix can not be used without a package-lock
39 error
39 error Run a security audit
39 error
39 error Usage:
39 error npm audit [fix|signatures]
39 error
39 error Options:
39 error [--audit-level <info|low|moderate|high|critical|none>] [--dry-run] [-f|--force]
39 error [--json] [--package-lock-only] [--no-package-lock]
39 error [--omit <dev|optional|peer> [--omit <dev|optional|peer> ...]]
39 error [--include <prod|dev|optional|peer> [--include <prod|dev|optional|peer> ...]]
39 error [--foreground-scripts] [--ignore-scripts]
39 error [-w|--workspace <workspace-name> [-w|--workspace <workspace-name> ...]]
39 error [-ws|--workspaces] [--include-workspace-root] [--install-links]
39 error
39 error Run "npm help audit" for more info
40 verbose exit 1
41 timing npm Completed in 1008ms
42 verbose code 1
43 error A complete log of this run can be found in: C:\Users\wakuw\OneDrive\画像\デスクトップ\hakumine-university-village-app\.npm\_logs\2025-07-25T05_00_23_013Z-debug-0.log
