0 verbose cli C:\Apps\nodejs\node.exe C:\Apps\nodejs\node_modules\npm\bin\npm-cli.js
1 info using npm@10.2.3
2 info using node@v18.19.0
3 timing npm:load:whichnode Completed in 3ms
4 timing config:load:defaults Completed in 6ms
5 timing config:load:file:C:\Users\wakuw\AppData\Local\nvm\v18.19.0\node_modules\npm\npmrc Completed in 5ms
6 timing config:load:builtin Completed in 6ms
7 timing config:load:cli Completed in 3ms
8 timing config:load:env Completed in 2ms
9 warn config shrinkwrap Use the --package-lock setting instead.
10 timing config:load:file:C:\Users\wakuw\OneDrive\画像\デスクトップ\hakumine-university-village-app\.npmrc Completed in 3ms
11 timing config:load:project Completed in 10ms
12 timing config:load:file:C:\Users\wakuw\.npmrc Completed in 0ms
13 timing config:load:user Completed in 1ms
14 timing config:load:file:C:\Apps\nodejs\etc\npmrc Completed in 0ms
15 timing config:load:global Completed in 0ms
16 timing config:load:setEnvs Completed in 1ms
17 timing config:load Completed in 30ms
18 timing npm:load:configload Completed in 30ms
19 timing config:load:flatten Completed in 5ms
20 timing npm:load:mkdirpcache Completed in 1ms
21 timing npm:load:mkdirplogs Completed in 1ms
22 verbose title npm run build:verbose
23 verbose argv "run" "build:verbose"
24 timing npm:load:setTitle Completed in 2ms
25 timing npm:load:display Completed in 4ms
26 verbose logfile logs-max:10 dir:C:\Users\wakuw\OneDrive\画像\デスクトップ\hakumine-university-village-app\.npm\_logs\2025-07-25T05_42_23_359Z-
27 verbose logfile C:\Users\wakuw\OneDrive\画像\デスクトップ\hakumine-university-village-app\.npm\_logs\2025-07-25T05_42_23_359Z-debug-0.log
28 timing npm:load:logFile Completed in 27ms
29 timing npm:load:timers Completed in 0ms
30 timing npm:load:configScope Completed in 1ms
31 timing npm:load Completed in 136ms
32 silly logfile start cleaning logs, removing 3 files
33 silly logfile error removing log file C:\Users\wakuw\OneDrive\画像\デスクトップ\hakumine-university-village-app\.npm\_logs\2025-07-25T05_42_15_291Z-debug-0.log [Error: EPERM: operation not permitted, lstat 'C:\Users\wakuw\OneDrive\画像\デスクトップ\hakumine-university-village-app\.npm\_logs\2025-07-25T05_42_15_291Z-debug-0.log'] {
33 silly logfile   errno: -4048,
33 silly logfile   code: 'EPERM',
33 silly logfile   syscall: 'lstat',
33 silly logfile   path: 'C:\\Users\\wakuw\\OneDrive\\画像\\デスクトップ\\hakumine-university-village-app\\.npm\\_logs\\2025-07-25T05_42_15_291Z-debug-0.log'
33 silly logfile }
34 silly logfile done cleaning log files
35 timing command:run Completed in 44735ms
36 verbose exit 0
37 timing npm Completed in 45209ms
38 info ok
