0 verbose cli C:\Apps\nodejs\node.exe C:\Apps\nodejs\node_modules\npm\bin\npm-cli.js
1 info using npm@10.2.3
2 info using node@v18.19.0
3 timing npm:load:whichnode Completed in 2ms
4 timing config:load:defaults Completed in 3ms
5 timing config:load:file:C:\Users\wakuw\AppData\Local\nvm\v18.19.0\node_modules\npm\npmrc Completed in 3ms
6 timing config:load:builtin Completed in 5ms
7 timing config:load:cli Completed in 3ms
8 timing config:load:env Completed in 1ms
9 warn config shrinkwrap Use the --package-lock setting instead.
10 timing config:load:file:C:\Users\wakuw\OneDrive\ç”»åƒ\ãƒ‡ã‚¹ã‚¯ãƒˆãƒƒãƒ—\hakumine-university-village-app\.npmrc Completed in 2ms
11 timing config:load:project Completed in 7ms
12 timing config:load:file:C:\Users\wakuw\.npmrc Completed in 0ms
13 timing config:load:user Completed in 0ms
14 timing config:load:file:C:\Apps\nodejs\etc\npmrc Completed in 0ms
15 timing config:load:global Completed in 1ms
16 timing config:load:setEnvs Completed in 1ms
17 timing config:load Completed in 22ms
18 timing npm:load:configload Completed in 22ms
19 timing config:load:flatten Completed in 5ms
20 timing npm:load:mkdirpcache Completed in 1ms
21 timing npm:load:mkdirplogs Completed in 1ms
22 verbose title npm install
23 verbose argv "install"
24 timing npm:load:setTitle Completed in 1ms
25 timing npm:load:display Completed in 4ms
26 verbose logfile logs-max:10 dir:C:\Users\wakuw\OneDrive\ç”»åƒ\ãƒ‡ã‚¹ã‚¯ãƒˆãƒƒãƒ—\hakumine-university-village-app\.npm\_logs\2025-07-25T05_01_07_673Z-
27 verbose logfile C:\Users\wakuw\OneDrive\ç”»åƒ\ãƒ‡ã‚¹ã‚¯ãƒˆãƒƒãƒ—\hakumine-university-village-app\.npm\_logs\2025-07-25T05_01_07_673Z-debug-0.log
28 timing npm:load:logFile Completed in 19ms
29 timing npm:load:timers Completed in 1ms
30 timing npm:load:configScope Completed in 0ms
31 timing npm:load Completed in 112ms
32 timing arborist:ctor Completed in 1ms
33 silly logfile done cleaning log files
34 timing arborist:ctor Completed in 0ms
35 verbose shrinkwrap failed to load node_modules/.package-lock.json missing from node_modules: node_modules/@img/sharp-darwin-arm64
36 verbose shrinkwrap failed to load node_modules/.package-lock.json missing from node_modules: node_modules/@img/sharp-darwin-arm64
37 http fetch GET 200 https://registry.npmjs.org/npm 3752ms (cache miss)
38 timing idealTree:init Completed in 4475ms
39 timing idealTree:userRequests Completed in 0ms
40 silly idealTree buildDeps
41 timing idealTree:#root Completed in 0ms
42 timing idealTree:buildDeps Completed in 2ms
43 timing idealTree:fixDepFlags Completed in 0ms
44 warn EBADENGINE Unsupported engine {
44 warn EBADENGINE   package: 'hakumine-university-village-app@0.1.0',
44 warn EBADENGINE   required: { node: '>=20.0.0', npm: '>=10.0.0' },
44 warn EBADENGINE   current: { node: 'v18.19.0', npm: '10.2.3' }
44 warn EBADENGINE }
45 warn EBADENGINE Unsupported engine {
45 warn EBADENGINE   package: '@firebase/ai@2.0.0',
45 warn EBADENGINE   required: { node: '>=20.0.0' },
45 warn EBADENGINE   current: { node: 'v18.19.0', npm: '10.2.3' }
45 warn EBADENGINE }
46 warn EBADENGINE Unsupported engine {
46 warn EBADENGINE   package: '@firebase/app@0.14.0',
46 warn EBADENGINE   required: { node: '>=20.0.0' },
46 warn EBADENGINE   current: { node: 'v18.19.0', npm: '10.2.3' }
46 warn EBADENGINE }
47 warn EBADENGINE Unsupported engine {
47 warn EBADENGINE   package: '@firebase/app-check@0.11.0',
47 warn EBADENGINE   required: { node: '>=20.0.0' },
47 warn EBADENGINE   current: { node: 'v18.19.0', npm: '10.2.3' }
47 warn EBADENGINE }
48 warn EBADENGINE Unsupported engine {
48 warn EBADENGINE   package: '@firebase/auth@1.11.0',
48 warn EBADENGINE   required: { node: '>=20.0.0' },
48 warn EBADENGINE   current: { node: 'v18.19.0', npm: '10.2.3' }
48 warn EBADENGINE }
49 warn EBADENGINE Unsupported engine {
49 warn EBADENGINE   package: '@firebase/component@0.7.0',
49 warn EBADENGINE   required: { node: '>=20.0.0' },
49 warn EBADENGINE   current: { node: 'v18.19.0', npm: '10.2.3' }
49 warn EBADENGINE }
50 warn EBADENGINE Unsupported engine {
50 warn EBADENGINE   package: '@firebase/app-check-compat@0.4.0',
50 warn EBADENGINE   required: { node: '>=20.0.0' },
50 warn EBADENGINE   current: { node: 'v18.19.0', npm: '10.2.3' }
50 warn EBADENGINE }
51 warn EBADENGINE Unsupported engine {
51 warn EBADENGINE   package: '@firebase/app-compat@0.5.0',
51 warn EBADENGINE   required: { node: '>=20.0.0' },
51 warn EBADENGINE   current: { node: 'v18.19.0', npm: '10.2.3' }
51 warn EBADENGINE }
52 warn EBADENGINE Unsupported engine {
52 warn EBADENGINE   package: '@firebase/firestore@4.9.0',
52 warn EBADENGINE   required: { node: '>=20.0.0' },
52 warn EBADENGINE   current: { node: 'v18.19.0', npm: '10.2.3' }
52 warn EBADENGINE }
53 warn EBADENGINE Unsupported engine {
53 warn EBADENGINE   package: '@firebase/database-compat@2.1.0',
53 warn EBADENGINE   required: { node: '>=20.0.0' },
53 warn EBADENGINE   current: { node: 'v18.19.0', npm: '10.2.3' }
53 warn EBADENGINE }
54 warn EBADENGINE Unsupported engine {
54 warn EBADENGINE   package: '@firebase/auth-compat@0.6.0',
54 warn EBADENGINE   required: { node: '>=20.0.0' },
54 warn EBADENGINE   current: { node: 'v18.19.0', npm: '10.2.3' }
54 warn EBADENGINE }
55 warn EBADENGINE Unsupported engine {
55 warn EBADENGINE   package: '@firebase/firestore-compat@0.4.0',
55 warn EBADENGINE   required: { node: '>=20.0.0' },
55 warn EBADENGINE   current: { node: 'v18.19.0', npm: '10.2.3' }
55 warn EBADENGINE }
56 warn EBADENGINE Unsupported engine {
56 warn EBADENGINE   package: '@firebase/logger@0.5.0',
56 warn EBADENGINE   required: { node: '>=20.0.0' },
56 warn EBADENGINE   current: { node: 'v18.19.0', npm: '10.2.3' }
56 warn EBADENGINE }
57 warn EBADENGINE Unsupported engine {
57 warn EBADENGINE   package: '@firebase/database@1.1.0',
57 warn EBADENGINE   required: { node: '>=20.0.0' },
57 warn EBADENGINE   current: { node: 'v18.19.0', npm: '10.2.3' }
57 warn EBADENGINE }
58 warn EBADENGINE Unsupported engine {
58 warn EBADENGINE   package: '@firebase/functions-compat@0.4.0',
58 warn EBADENGINE   required: { node: '>=20.0.0' },
58 warn EBADENGINE   current: { node: 'v18.19.0', npm: '10.2.3' }
58 warn EBADENGINE }
59 warn EBADENGINE Unsupported engine {
59 warn EBADENGINE   package: '@firebase/storage@0.14.0',
59 warn EBADENGINE   required: { node: '>=20.0.0' },
59 warn EBADENGINE   current: { node: 'v18.19.0', npm: '10.2.3' }
59 warn EBADENGINE }
60 warn EBADENGINE Unsupported engine {
60 warn EBADENGINE   package: '@firebase/util@1.13.0',
60 warn EBADENGINE   required: { node: '>=20.0.0' },
60 warn EBADENGINE   current: { node: 'v18.19.0', npm: '10.2.3' }
60 warn EBADENGINE }
61 warn EBADENGINE Unsupported engine {
61 warn EBADENGINE   package: '@firebase/functions@0.13.0',
61 warn EBADENGINE   required: { node: '>=20.0.0' },
61 warn EBADENGINE   current: { node: 'v18.19.0', npm: '10.2.3' }
61 warn EBADENGINE }
62 warn EBADENGINE Unsupported engine {
62 warn EBADENGINE   package: '@firebase/storage-compat@0.4.0',
62 warn EBADENGINE   required: { node: '>=20.0.0' },
62 warn EBADENGINE   current: { node: 'v18.19.0', npm: '10.2.3' }
62 warn EBADENGINE }
63 timing idealTree Completed in 4553ms
64 timing reify:loadTrees Completed in 4555ms
65 timing reify:diffTrees Completed in 49ms
66 silly reify moves {}
67 timing reify:retireShallow Completed in 0ms
68 timing reify:createSparse Completed in 0ms
69 timing reify:loadBundles Completed in 0ms
70 timing reify:unpack Completed in 0ms
71 timing reify:unretire Completed in 0ms
72 timing build:queue Completed in 0ms
73 timing build:deps Completed in 1ms
74 timing build Completed in 1ms
75 timing reify:build Completed in 1ms
76 timing reify:trash Completed in 0ms
77 timing reify:save Completed in 0ms
78 timing reify Completed in 4745ms
79 timing command:install Completed in 4756ms
80 notice
80 notice New [31mmajor[39m version of npm available! [31m10.2.3[39m -> [32m11.5.1[39m
80 notice Changelog: [36mhttps://github.com/npm/cli/releases/tag/v11.5.1[39m
80 notice Run [32mnpm install -g npm@11.5.1[39m to update!
80 notice
81 verbose exit 0
82 timing npm Completed in 5607ms
83 info ok
