0 verbose cli C:\Apps\nodejs\node.exe C:\Users\wakuw\AppData\Local\nvm\v18.19.0\node_modules\npm\bin\npm-cli.js
1 info using npm@10.2.3
2 info using node@v18.19.0
3 timing npm:load:whichnode Completed in 4ms
4 timing config:load:defaults Completed in 9ms
5 timing config:load:file:C:\Users\wakuw\AppData\Local\nvm\v18.19.0\node_modules\npm\npmrc Completed in 1ms
6 timing config:load:builtin Completed in 2ms
7 timing config:load:cli Completed in 4ms
8 timing config:load:env Completed in 1ms
9 warn config shrinkwrap Use the --package-lock setting instead.
10 timing config:load:file:C:\Users\wakuw\OneDrive\画像\デスクトップ\hakumine-university-village-app\.npmrc Completed in 4ms
11 timing config:load:project Completed in 10ms
12 timing config:load:file:C:\Users\wakuw\.npmrc Completed in 1ms
13 timing config:load:user Completed in 1ms
14 timing config:load:file:C:\Apps\nodejs\etc\npmrc Completed in 0ms
15 timing config:load:global Completed in 0ms
16 timing config:load:setEnvs Completed in 2ms
17 timing config:load Completed in 30ms
18 timing npm:load:configload Completed in 30ms
19 timing config:load:flatten Completed in 5ms
20 timing npm:load:mkdirpcache Completed in 1ms
21 timing npm:load:mkdirplogs Completed in 0ms
22 verbose title npm exec tsc --noEmit
23 verbose argv "exec" "--" "tsc" "--noEmit"
24 timing npm:load:setTitle Completed in 1ms
25 timing npm:load:display Completed in 4ms
26 verbose logfile logs-max:10 dir:C:\Users\wakuw\OneDrive\画像\デスクトップ\hakumine-university-village-app\.npm\_logs\2025-07-28T02_20_03_596Z-
27 verbose logfile C:\Users\wakuw\OneDrive\画像\デスクトップ\hakumine-university-village-app\.npm\_logs\2025-07-28T02_20_03_596Z-debug-0.log
28 timing npm:load:logFile Completed in 19ms
29 timing npm:load:timers Completed in 0ms
30 timing npm:load:configScope Completed in 0ms
31 timing npm:load Completed in 125ms
32 silly logfile start cleaning logs, removing 2 files
33 silly logfile error removing log file C:\Users\wakuw\OneDrive\画像\デスクトップ\hakumine-university-village-app\.npm\_logs\2025-07-28T01_43_00_740Z-debug-0.log [Error: EPERM: operation not permitted, lstat 'C:\Users\wakuw\OneDrive\画像\デスクトップ\hakumine-university-village-app\.npm\_logs\2025-07-28T01_43_00_740Z-debug-0.log'] {
33 silly logfile   errno: -4048,
33 silly logfile   code: 'EPERM',
33 silly logfile   syscall: 'lstat',
33 silly logfile   path: 'C:\\Users\\wakuw\\OneDrive\\画像\\デスクトップ\\hakumine-university-village-app\\.npm\\_logs\\2025-07-28T01_43_00_740Z-debug-0.log'
33 silly logfile }
34 silly logfile done cleaning log files
35 timing command:exec Completed in 12652ms
36 verbose exit 2
37 timing npm Completed in 13541ms
38 verbose code 2
